{"D:\\fs-containers\\todo-app\\todo-frontend\\src\\Todos\\Todo.jsx": {"path":"D:\\fs-containers\\todo-app\\todo-frontend\\src\\Todos\\Todo.jsx","statementMap":{"0":{"start":{"line":1,"column":6},"end":{"line":31,"column":null}},"1":{"start":{"line":3,"column":4},"end":{"line":8,"column":null}},"2":{"start":{"line":12,"column":4},"end":{"line":18,"column":null}},"3":{"start":{"line":21,"column":2},"end":{"line":31,"column":null}}},"fnMap":{"0":{"name":"(anonymous_0)","decl":{"start":{"line":1,"column":6},"end":{"line":1,"column":14}},"loc":{"start":{"line":1,"column":59},"end":{"line":31,"column":null}},"line":1}},"branchMap":{"0":{"loc":{"start":{"line":31,"column":7},"end":{"line":31,"column":null}},"type":"cond-expr","locations":[{"start":{"line":31,"column":19},"end":{"line":31,"column":30}},{"start":{"line":31,"column":30},"end":{"line":31,"column":null}}],"line":31}},"s":{"0":1,"1":2,"2":2,"3":2},"f":{"0":2},"b":{"0":[0,2]},"meta":{"lastBranch":1,"lastFunction":1,"lastStatement":4,"seen":{"s:1:6:31:Infinity":0,"f:1:6:1:14":0,"s:3:4:8:Infinity":1,"s:12:4:18:Infinity":2,"s:21:2:31:Infinity":3,"b:31:19:31:30:31:30:31:Infinity":0}}}
}
